[2017-09-01 04:26:02,621] {/home/rodrigondec/Documents/Prog/my3r/l_env/lib/python3.5/site-packages/flask/app.py:1560} ERROR - Exception on /core/usuario [GET]
Traceback (most recent call last):
  File "/home/rodrigondec/Documents/Prog/my3r/l_env/lib/python3.5/site-packages/flask/app.py", line 1612, in full_dispatch_request
    rv = self.dispatch_request()
  File "/home/rodrigondec/Documents/Prog/my3r/l_env/lib/python3.5/site-packages/flask/app.py", line 1598, in dispatch_request
    return self.view_functions[rule.endpoint](**req.view_args)
  File "/home/rodrigondec/Documents/Prog/my3r/l_env/lib/python3.5/site-packages/flask_restplus/api.py", line 313, in wrapper
    resp = resource(*args, **kwargs)
  File "/home/rodrigondec/Documents/Prog/my3r/l_env/lib/python3.5/site-packages/flask/views.py", line 84, in view
    return self.dispatch_request(*args, **kwargs)
  File "/home/rodrigondec/Documents/Prog/my3r/l_env/lib/python3.5/site-packages/flask_restplus/resource.py", line 44, in dispatch_request
    resp = meth(*args, **kwargs)
  File "/home/rodrigondec/Documents/Prog/my3r/l_env/lib/python3.5/site-packages/flask_restplus/marshalling.py", line 101, in wrapper
    resp = f(*args, **kwargs)
  File "/home/rodrigondec/Documents/Prog/my3r/l_env/lib/python3.5/site-packages/flask_jwt_extended/view_decorators.py", line 35, in wrapper
    jwt_data = _decode_jwt_from_request(request_type='access')
  File "/home/rodrigondec/Documents/Prog/my3r/l_env/lib/python3.5/site-packages/flask_jwt_extended/view_decorators.py", line 203, in _decode_jwt_from_request
    decoded_token = _decode_jwt_from_headers()
  File "/home/rodrigondec/Documents/Prog/my3r/l_env/lib/python3.5/site-packages/flask_jwt_extended/view_decorators.py", line 132, in _decode_jwt_from_headers
    raise NoAuthorizationError("Missing {} Header".format(header_name))
flask_jwt_extended.exceptions.NoAuthorizationError: Missing Authorization Header
[2017-09-01 04:26:28,038] {/home/rodrigondec/Documents/Prog/my3r/l_env/lib/python3.5/site-packages/flask/app.py:1560} ERROR - Exception on /core/usuario [GET]
Traceback (most recent call last):
  File "/home/rodrigondec/Documents/Prog/my3r/l_env/lib/python3.5/site-packages/flask/app.py", line 1612, in full_dispatch_request
    rv = self.dispatch_request()
  File "/home/rodrigondec/Documents/Prog/my3r/l_env/lib/python3.5/site-packages/flask/app.py", line 1598, in dispatch_request
    return self.view_functions[rule.endpoint](**req.view_args)
  File "/home/rodrigondec/Documents/Prog/my3r/l_env/lib/python3.5/site-packages/flask_restplus/api.py", line 313, in wrapper
    resp = resource(*args, **kwargs)
  File "/home/rodrigondec/Documents/Prog/my3r/l_env/lib/python3.5/site-packages/flask/views.py", line 84, in view
    return self.dispatch_request(*args, **kwargs)
  File "/home/rodrigondec/Documents/Prog/my3r/l_env/lib/python3.5/site-packages/flask_restplus/resource.py", line 44, in dispatch_request
    resp = meth(*args, **kwargs)
  File "/home/rodrigondec/Documents/Prog/my3r/l_env/lib/python3.5/site-packages/flask_restplus/marshalling.py", line 101, in wrapper
    resp = f(*args, **kwargs)
  File "/home/rodrigondec/Documents/Prog/my3r/l_env/lib/python3.5/site-packages/flask_jwt_extended/view_decorators.py", line 35, in wrapper
    jwt_data = _decode_jwt_from_request(request_type='access')
  File "/home/rodrigondec/Documents/Prog/my3r/l_env/lib/python3.5/site-packages/flask_jwt_extended/view_decorators.py", line 203, in _decode_jwt_from_request
    decoded_token = _decode_jwt_from_headers()
  File "/home/rodrigondec/Documents/Prog/my3r/l_env/lib/python3.5/site-packages/flask_jwt_extended/view_decorators.py", line 132, in _decode_jwt_from_headers
    raise NoAuthorizationError("Missing {} Header".format(header_name))
flask_jwt_extended.exceptions.NoAuthorizationError: Missing Authorization Header
[2017-09-01 04:27:33,512] {/home/rodrigondec/Documents/Prog/my3r/l_env/lib/python3.5/site-packages/flask/app.py:1560} ERROR - Exception on /core/usuario [GET]
Traceback (most recent call last):
  File "/home/rodrigondec/Documents/Prog/my3r/l_env/lib/python3.5/site-packages/flask/app.py", line 1612, in full_dispatch_request
    rv = self.dispatch_request()
  File "/home/rodrigondec/Documents/Prog/my3r/l_env/lib/python3.5/site-packages/flask/app.py", line 1598, in dispatch_request
    return self.view_functions[rule.endpoint](**req.view_args)
  File "/home/rodrigondec/Documents/Prog/my3r/l_env/lib/python3.5/site-packages/flask_restplus/api.py", line 313, in wrapper
    resp = resource(*args, **kwargs)
  File "/home/rodrigondec/Documents/Prog/my3r/l_env/lib/python3.5/site-packages/flask/views.py", line 84, in view
    return self.dispatch_request(*args, **kwargs)
  File "/home/rodrigondec/Documents/Prog/my3r/l_env/lib/python3.5/site-packages/flask_restplus/resource.py", line 44, in dispatch_request
    resp = meth(*args, **kwargs)
  File "/home/rodrigondec/Documents/Prog/my3r/l_env/lib/python3.5/site-packages/flask_restplus/marshalling.py", line 101, in wrapper
    resp = f(*args, **kwargs)
  File "/home/rodrigondec/Documents/Prog/my3r/l_env/lib/python3.5/site-packages/flask_jwt_extended/view_decorators.py", line 35, in wrapper
    jwt_data = _decode_jwt_from_request(request_type='access')
  File "/home/rodrigondec/Documents/Prog/my3r/l_env/lib/python3.5/site-packages/flask_jwt_extended/view_decorators.py", line 203, in _decode_jwt_from_request
    decoded_token = _decode_jwt_from_headers()
  File "/home/rodrigondec/Documents/Prog/my3r/l_env/lib/python3.5/site-packages/flask_jwt_extended/view_decorators.py", line 132, in _decode_jwt_from_headers
    raise NoAuthorizationError("Missing {} Header".format(header_name))
flask_jwt_extended.exceptions.NoAuthorizationError: Missing Authorization Header
[2017-09-01 04:27:51,230] {/home/rodrigondec/Documents/Prog/my3r/l_env/lib/python3.5/site-packages/flask/app.py:1560} ERROR - Exception on /core/usuario [GET]
Traceback (most recent call last):
  File "/home/rodrigondec/Documents/Prog/my3r/l_env/lib/python3.5/site-packages/flask/app.py", line 1612, in full_dispatch_request
    rv = self.dispatch_request()
  File "/home/rodrigondec/Documents/Prog/my3r/l_env/lib/python3.5/site-packages/flask/app.py", line 1598, in dispatch_request
    return self.view_functions[rule.endpoint](**req.view_args)
  File "/home/rodrigondec/Documents/Prog/my3r/l_env/lib/python3.5/site-packages/flask_restplus/api.py", line 313, in wrapper
    resp = resource(*args, **kwargs)
  File "/home/rodrigondec/Documents/Prog/my3r/l_env/lib/python3.5/site-packages/flask/views.py", line 84, in view
    return self.dispatch_request(*args, **kwargs)
  File "/home/rodrigondec/Documents/Prog/my3r/l_env/lib/python3.5/site-packages/flask_restplus/resource.py", line 44, in dispatch_request
    resp = meth(*args, **kwargs)
  File "/home/rodrigondec/Documents/Prog/my3r/l_env/lib/python3.5/site-packages/flask_restplus/marshalling.py", line 101, in wrapper
    resp = f(*args, **kwargs)
  File "/home/rodrigondec/Documents/Prog/my3r/l_env/lib/python3.5/site-packages/flask_jwt_extended/view_decorators.py", line 35, in wrapper
    jwt_data = _decode_jwt_from_request(request_type='access')
  File "/home/rodrigondec/Documents/Prog/my3r/l_env/lib/python3.5/site-packages/flask_jwt_extended/view_decorators.py", line 203, in _decode_jwt_from_request
    decoded_token = _decode_jwt_from_headers()
  File "/home/rodrigondec/Documents/Prog/my3r/l_env/lib/python3.5/site-packages/flask_jwt_extended/view_decorators.py", line 132, in _decode_jwt_from_headers
    raise NoAuthorizationError("Missing {} Header".format(header_name))
flask_jwt_extended.exceptions.NoAuthorizationError: Missing Authorization Header
[2017-09-01 04:30:38,668] {/home/rodrigondec/Documents/Prog/my3r/l_env/lib/python3.5/site-packages/flask/app.py:1560} ERROR - Exception on /core/usuario [GET]
Traceback (most recent call last):
  File "/home/rodrigondec/Documents/Prog/my3r/l_env/lib/python3.5/site-packages/flask/app.py", line 1612, in full_dispatch_request
    rv = self.dispatch_request()
  File "/home/rodrigondec/Documents/Prog/my3r/l_env/lib/python3.5/site-packages/flask/app.py", line 1598, in dispatch_request
    return self.view_functions[rule.endpoint](**req.view_args)
  File "/home/rodrigondec/Documents/Prog/my3r/l_env/lib/python3.5/site-packages/flask_restplus/api.py", line 313, in wrapper
    resp = resource(*args, **kwargs)
  File "/home/rodrigondec/Documents/Prog/my3r/l_env/lib/python3.5/site-packages/flask/views.py", line 84, in view
    return self.dispatch_request(*args, **kwargs)
  File "/home/rodrigondec/Documents/Prog/my3r/l_env/lib/python3.5/site-packages/flask_restplus/resource.py", line 44, in dispatch_request
    resp = meth(*args, **kwargs)
  File "/home/rodrigondec/Documents/Prog/my3r/l_env/lib/python3.5/site-packages/flask_restplus/marshalling.py", line 101, in wrapper
    resp = f(*args, **kwargs)
  File "/home/rodrigondec/Documents/Prog/my3r/l_env/lib/python3.5/site-packages/flask_jwt_extended/view_decorators.py", line 35, in wrapper
    jwt_data = _decode_jwt_from_request(request_type='access')
  File "/home/rodrigondec/Documents/Prog/my3r/l_env/lib/python3.5/site-packages/flask_jwt_extended/view_decorators.py", line 203, in _decode_jwt_from_request
    decoded_token = _decode_jwt_from_headers()
  File "/home/rodrigondec/Documents/Prog/my3r/l_env/lib/python3.5/site-packages/flask_jwt_extended/view_decorators.py", line 132, in _decode_jwt_from_headers
    raise NoAuthorizationError("Missing {} Header".format(header_name))
flask_jwt_extended.exceptions.NoAuthorizationError: Missing Authorization Header
[2017-09-01 04:32:17,965] {/home/rodrigondec/Documents/Prog/my3r/l_env/lib/python3.5/site-packages/flask/app.py:1560} ERROR - Exception on /core/usuario [GET]
Traceback (most recent call last):
  File "/home/rodrigondec/Documents/Prog/my3r/l_env/lib/python3.5/site-packages/flask/app.py", line 1612, in full_dispatch_request
    rv = self.dispatch_request()
  File "/home/rodrigondec/Documents/Prog/my3r/l_env/lib/python3.5/site-packages/flask/app.py", line 1598, in dispatch_request
    return self.view_functions[rule.endpoint](**req.view_args)
  File "/home/rodrigondec/Documents/Prog/my3r/l_env/lib/python3.5/site-packages/flask_restplus/api.py", line 313, in wrapper
    resp = resource(*args, **kwargs)
  File "/home/rodrigondec/Documents/Prog/my3r/l_env/lib/python3.5/site-packages/flask/views.py", line 84, in view
    return self.dispatch_request(*args, **kwargs)
  File "/home/rodrigondec/Documents/Prog/my3r/l_env/lib/python3.5/site-packages/flask_restplus/resource.py", line 44, in dispatch_request
    resp = meth(*args, **kwargs)
  File "/home/rodrigondec/Documents/Prog/my3r/l_env/lib/python3.5/site-packages/flask_restplus/marshalling.py", line 101, in wrapper
    resp = f(*args, **kwargs)
  File "/home/rodrigondec/Documents/Prog/my3r/l_env/lib/python3.5/site-packages/flask_jwt_extended/view_decorators.py", line 35, in wrapper
    jwt_data = _decode_jwt_from_request(request_type='access')
  File "/home/rodrigondec/Documents/Prog/my3r/l_env/lib/python3.5/site-packages/flask_jwt_extended/view_decorators.py", line 203, in _decode_jwt_from_request
    decoded_token = _decode_jwt_from_headers()
  File "/home/rodrigondec/Documents/Prog/my3r/l_env/lib/python3.5/site-packages/flask_jwt_extended/view_decorators.py", line 132, in _decode_jwt_from_headers
    raise NoAuthorizationError("Missing {} Header".format(header_name))
flask_jwt_extended.exceptions.NoAuthorizationError: Missing Authorization Header
